
obj/src/util/initialization.cpp:25: info
void initialize(int, char **)
Mon May  7 12:43:30 2018
Arguments:
  /Library/MakerBot/makerware

obj/src/util/initialization.cpp:54: info
void initialize(int, char **)
Mon May  7 12:43:30 2018
Version: 3.10.1.1389

obj/src/util/initialization.cpp:58: info
void initialize(int, char **)
Mon May  7 12:43:30 2018
MiracleGrue Version: 3.9.4.1389

obj/src/util/initialization.cpp:62: info
void initialize(int, char **)
Mon May  7 12:43:30 2018
Qt Version: 5.4.1

obj/src/util/initialization.cpp:64: info
void initialize(int, char **)
Mon May  7 12:43:30 2018
QSysInfo platform: 15

obj/src/util/platform.cpp:26: info
void modifyPluginPath()
Mon May  7 12:43:30 2018
Original plugin path: 

obj/src/util/platform.cpp:42: info
void modifyPluginPath()
Mon May  7 12:43:30 2018
Modified plugin path: /Library/MakerBot/lib/qtplugins

obj/src/core/application.cpp:106: info
Application::Application(int *, char **, const QString &, const QString &, const MakerBot::Version &)
Mon May  7 12:43:30 2018
Translation file ':/translations/mbd_en_US' not found, proceeding with source language

obj/src/util/initialization.cpp:173: info
void initializeThingsDirectory()
Mon May  7 12:43:30 2018
Copying things-skel from /Library/MakerBot/things-skel

obj/src/util/log.cpp:87: info
void initializeLogging(const QString &)
Mon May  7 12:43:30 2018
On-disk log initialized in /Users/Brian/Things/Logs/MakerBot-Desktop-2018-05-07_12-43-30.log

obj/src/gl_util.cpp:53: info
void MakerBot::logQGLFormat(const QGLFormat &)
Mon May  7 12:43:30 2018
QGLFormat: accum=0, accumBufferSize=-1, alpha=1, alphaBufferSize=8, blueBufferSize=8, depth=1, depthBufferSize=24, directRendering=1, doubleBuffer=1, greenBufferSize=8, hasOverlay=0, majorVersion=2, minorVersion=1, openGLVersionFlags=258175, plane=0, profile=0, redBufferSize=8, rgba=1, sampleBuffers=1, samples=4, stencil=1, stencilBufferSize=8, stereo=0, swapInterval=1

obj/src/core/conveyorqt.cpp:209: info
virtual void conveyor::ConveyorQt::doHello()
Mon May  7 12:43:30 2018
Sending hello to conveyor

obj/src/main/cpp/asynchronous_method.cpp:90: info
void conveyor::AsynchronousMethod::invoke(JsonRpc &, const Json::Value &)
Mon May  7 12:43:30 2018
hello parameters: {
   "username" : "Brian"
}

obj/src/update/check_for_updates.cpp:230: info
void CheckForUpdates::Private::requestInternal()
Mon May  7 12:43:30 2018
Requesting application updates list from internal server: https://y.soft.makerbot.net/autoupdate/MBDAutomaticUpdates.json

obj/src/main/cpp/asynchronous_method.cpp:36: info
virtual void conveyor::AsynchronousMethodPrivate::response(const Json::Value &)
Mon May  7 12:43:30 2018
hello response: "world"

obj/src/update/check_for_announcements.cpp:49: info
void CheckForAnnouncements::Private::requestAnnouncementsUpdate()
Mon May  7 12:43:30 2018
Requesting announcements from MakerBot server: https://y.soft.makerbot.net/files/Announcements.json

obj/src/makerware_main.cpp:45: info
QString loadStyleSheet()
Mon May  7 12:43:30 2018
Loading style sheet: :/makerware/style.css

obj/src/gl_util.cpp:53: info
void MakerBot::logQGLFormat(const QGLFormat &)
Mon May  7 12:43:32 2018
QGLFormat: accum=0, accumBufferSize=-1, alpha=0, alphaBufferSize=-1, blueBufferSize=8, depth=1, depthBufferSize=24, directRendering=1, doubleBuffer=1, greenBufferSize=8, hasOverlay=0, majorVersion=2, minorVersion=1, openGLVersionFlags=258175, plane=0, profile=0, redBufferSize=8, rgba=1, sampleBuffers=0, samples=-1, stencil=1, stencilBufferSize=8, stereo=0, swapInterval=1

obj/src/gl_widget.cpp:66: info
MakerBot::GLWidget::Private::Private(MakerBot::GLWidget &, const QGLWidget &, const Ground::PlatformShape, const Ground::DrawFlags)
Mon May  7 12:43:32 2018
QGLWidget: isValid=1, isSharing=1

obj/src/util/enums.cpp:159: error
int printerTypeToWebId(const conveyor::Printer::Type)
Mon May  7 12:43:32 2018
Invalid printer type

obj/src/gl_widget.cpp:278: info
virtual void MakerBot::GLWidget::paintEvent(QPaintEvent *)
Mon May  7 12:43:32 2018
Begin first GLWidget::paintEvent

obj/src/view/scene/assemblyscene.cpp:236: info
virtual void AssemblyScene::drawBackground(QPainter *, const QRectF &)
Mon May  7 12:43:32 2018
GL_VENDOR=Intel Inc., GL_RENDERER=Intel HD Graphics 5000 OpenGL Engine, GL_VERSION=2.1 INTEL-10.30.14

obj/src/view/scene/skybox.cpp:77: info
void Skybox::Private::renderGL(const MakerBot::ViewModel &)
Mon May  7 12:43:32 2018
Loading skybox textures

obj/src/gl_widget.cpp:287: info
virtual void MakerBot::GLWidget::paintEvent(QPaintEvent *)
Mon May  7 12:43:33 2018
End first GLWidget::paintEvent

obj/src/core/makerware_application.cpp:137: info
void MakerWareApplication::createWindow(const QStringList &)
Mon May  7 12:43:33 2018
EcosystemWindow created

obj/src/makerware_main.cpp:231: info
int main(int, char **)
Mon May  7 12:43:33 2018
Time to finish creating EditorWindows: 3.76s

obj/src/main/cpp/conveyorprivate.cpp:438: info
void conveyor::ConveyorPrivate::helloReceived()
Mon May  7 12:43:33 2018
Received hello response from conveyor

obj/src/main/cpp/asynchronous_method.cpp:90: info
void conveyor::AsynchronousMethod::invoke(JsonRpc &, const Json::Value &)
Mon May  7 12:43:33 2018
getports parameters: {}

obj/src/main/cpp/conveyorprivate.cpp:180: info
void conveyor::ConveyorPrivate::updateAllPrinters()
Mon May  7 12:43:33 2018
Updating printers

obj/src/main/cpp/asynchronous_method.cpp:90: info
void conveyor::AsynchronousMethod::invoke(JsonRpc &, const Json::Value &)
Mon May  7 12:43:33 2018
getprinters parameters: {}

obj/src/main/cpp/conveyorprivate.cpp:284: info
void conveyor::ConveyorPrivate::updateAllJobs()
Mon May  7 12:43:33 2018
Updating jobs

obj/src/main/cpp/asynchronous_method.cpp:90: info
void conveyor::AsynchronousMethod::invoke(JsonRpc &, const Json::Value &)
Mon May  7 12:43:33 2018
getjobs parameters: {}

obj/src/main/cpp/conveyorprivate.cpp:442: info
void conveyor::ConveyorPrivate::helloReceived()
Mon May  7 12:43:33 2018
conveyor state initialized

obj/src/main/cpp/asynchronous_method.cpp:36: info
virtual void conveyor::AsynchronousMethodPrivate::response(const Json::Value &)
Mon May  7 12:43:33 2018
getports response: []

obj/src/main/cpp/asynchronous_method.cpp:36: info
virtual void conveyor::AsynchronousMethodPrivate::response(const Json::Value &)
Mon May  7 12:43:33 2018
getprinters response: [
   {
      "build_volume" : [ 246, 152, 155 ],
      "can_print" : false,
      "display_name" : "The Replicator 2X",
      "driver_name" : "s3g",
      "firmware_version" : null,
      "has_heated_platform" : true,
      "name" : "The Replicator 2X",
      "number_of_toolheads" : 2,
      "printer_type" : "The Replicator 2X",
      "profile_name" : "Replicator2X",
      "state" : "DISCONNECTED",
      "temperature" : null,
      "toolhead_target_temperature" : null
   },
   {
      "build_volume" : [ 225, 145, 150 ],
      "can_print" : false,
      "display_name" : "The Replicator Single",
      "driver_name" : "s3g",
      "firmware_version" : null,
      "has_heated_platform" : true,
      "name" : "The Replicator Single",
      "number_of_toolheads" : 1,
      "printer_type" : "The Replicator Single",
      "profile_name" : "ReplicatorSingle",
      "state" : "DISCONNECTED",
      "temperature" : null,
      "toolhead_target_temperature" : null
   },
   {
      "build_volume" : [ 285, 153, 155 ],
      "can_print" : false,
      "display_name" : "The Replicator 2",
      "driver_name" : "s3g",
      "firmware_version" : null,
      "has_heated_platform" : false,
      "name" : "The Replicator 2",
      "number_of_toolheads" : 1,
      "printer_type" : "The Replicator 2",
      "profile_name" : "Replicator2",
      "state" : "DISCONNECTED",
      "temperature" : null,
      "toolhead_target_temperature" : null
   },
   {
      "build_volume" : [ 225, 145, 150 ],
      "can_print" : false,
      "display_name" : "The Replicator Dual",
      "driver_name" : "s3g",
      "firmware_version" : null,
      "has_heated_platform" : true,
      "name" : "The Replicator Dual",
      "number_of_toolheads" : 2,
      "printer_type" : "The Replicator Dual",
      "profile_name" : "ReplicatorDual",
      "state" : "DISCONNECTED",
      "temperature" : null,
      "toolhead_target_temperature" : null
   },
   {
      "build_volume" : [ 106, 120, 106 ],
      "can_print" : false,
      "display_name" : "Thing-O-Matic Single, Stepstruder Mk6 or Mk7",
      "driver_name" : "s3g",
      "firmware_version" : null,
      "has_heated_platform" : true,
      "name" : "Thing-O-Matic Single, Stepstruder Mk6 or Mk7",
      "number_of_toolheads" : 1,
      "printer_type" : "Thing-O-Matic Single, Stepstruder Mk6 or Mk7",
      "profile_name" : "TOMStepstruderSingle",
      "state" : "DISCONNECTED",
      "temperature" : null,
      "toolhead_target_temperature" : null
   },
   {
      "build_volume" : [ 252, 199, 148 ],
      "can_print" : false,
      "display_name" : "Replicator5_B",
      "driver_name" : "birdwing",
      "firmware_version" : null,
      "has_heated_platform" : false,
      "name" : "Replicator5_B",
      "number_of_toolheads" : 1,
      "printer_type" : "Replicator5_B",
      "profile_name" : "Replicator_B",
      "state" : "DISCONNECTED",
      "temperature" : null,
      "toolhead_target_temperature" : null
   },
   {
      "build_volume" : [ 100, 100, 125 ],
      "can_print" : false,
      "display_name" : "Mini_4",
      "driver_name" : "birdwing",
      "firmware_version" : null,
      "has_heated_platform" : false,
      "name" : "Mini_4",
      "number_of_toolheads" : 1,
      "printer_type" : "Mini_4",
      "profile_name" : "Mini_4",
      "state" : "DISCONNECTED",
      "temperature" : null,
      "toolhead_target_temperature" : null
   },
   {
      "build_volume" : [ 300, 305, 457 ],
      "can_print" : false,
      "display_name" : "Z18_6",
      "driver_name" : "birdwing",
      "firmware_version" : null,
      "has_heated_platform" : true,
      "name" : "Z18_6",
      "number_of_toolheads" : 1,
      "printer_type" : "Z18_6",
      "profile_name" : "Z18_6",
      "state" : "DISCONNECTED",
      "temperature" : null,
      "toolhead_target_temperature" : null
   },
   {
      "build_volume" : [ 101, 126, 126 ],
      "can_print" : false,
      "display_name" : "Mini_8",
      "driver_name" : "birdwing",
      "firmware_version" : null,
      "has_heated_platform" : false,
      "name" : "Mini_8",
      "number_of_toolheads" : 1,
      "printer_type" : "Mini_8",
      "profile_name" : "Mini_8",
      "state" : "DISCONNECTED",
      "temperature" : null,
      "toolhead_target_temperature" : null
   },
   {
      "build_volume" : [ 252, 199, 148 ],
      "can_print" : false,
      "display_name" : "Replicator5_5",
      "driver_name" : "birdwing",
      "firmware_version" : null,
      "has_heated_platform" : false,
      "name" : "Replicator5_5",
      "number_of_toolheads" : 1,
      "printer_type" : "Replicator5_5",
      "profile_name" : "Replicator_5",
      "state" : "DISCONNECTED",
      "temperature" : null,
      "toolhead_target_temperature" : null
   }
]

obj/src/main/cpp/asynchronous_method.cpp:36: info
virtual void conveyor::AsynchronousMethodPrivate::response(const Json::Value &)
Mon May  7 12:43:33 2018
getjobs response: []

obj/src/model/machine_selection.cpp:570: info
void MachineSelection::Private::setState(const MachineSelection::State)
Mon May  7 12:43:36 2018
MachineSelection state transition: State::WaitingForLastSelectedPrinterToConnect -> State::HasSelection

obj/src/util/slicelib.cpp:205: info
void SliceLibProcess::Private::start()
Mon May  7 12:43:36 2018
calling sliceconfig:
get_profile
-d (machine id):
replicator2x
-r (user print settings):
{
   "extruders" : [ 0 ],
   "quality" : 2
}



obj/src/update/check_for_updates.cpp:270: info
void CheckForUpdates::Private::requestExternal(QNetworkReply::NetworkError)
Mon May  7 12:44:31 2018
Requesting application updates list from public server: https://s3.amazonaws.com/downloads-makerbot-com/makerware/MBDesktopUpdateMessages.json

obj/src/update/check_for_announcements.cpp:154: error
void CheckForAnnouncements::Private::logError(QNetworkReply::NetworkError)
Mon May  7 12:44:31 2018
Error when downloading announcement file from: https://y.soft.makerbot.net/files/Announcements.json error code is: 4

obj/src/update/check_for_updates.cpp:361: info
void CheckForUpdates::Private::replyReceived()
Mon May  7 12:44:31 2018
Update list received.

obj/src/update/check_for_updates.cpp:377: info
void CheckForUpdates::Private::replyReceived()
Mon May  7 12:44:31 2018
No update needed.

obj/src/util/slicelib.cpp:205: info
void SliceLibProcess::Private::start()
Mon May  7 12:48:49 2018
calling sliceconfig:
get_profile
-d (machine id):
replicator2x
-r (user print settings):
{
   "extruders" : [ 1 ],
   "quality" : 2
}



obj/src/util/slicelib.cpp:205: info
void SliceLibProcess::Private::start()
Mon May  7 12:48:49 2018
calling sliceconfig:
get_profile
-d (machine id):
replicator2x
-r (user print settings):
{
   "_materials" : [ "abs", "pla" ],
   "attached_extruders" : [ "mk12", "mk12" ],
   "extruders" : [ 1 ],
   "overrides" : {
      "doRaft" : false,
      "infillDensity" : 0.2000000094994903,
      "layerHeight" : 0.30
   },
   "quality" : 2
}



obj/src/util/log.cpp:41: error
void logQtMessage(const QtMsgType, const QMessageLogContext &, const QString &)
Mon May  7 12:48:49 2018
QtWarningMsg: QObject::connect: No such signal ProfileListView::currentIndexChanged(int) in obj/src/widgets/profile_listview.cpp:30(?:0, ?)

obj/src/widgets/schema_widget.cpp:60: error
SchemaWidget::WidgetType typeFromJson(const Json::Value &)
Mon May  7 12:48:49 2018
KeyError: member widget not found: {
   "categories" : [ "supportsAndBridging" ],
   "debug_value" : 0.0,
   "description" : "Stop support slightly before model floors to allow for easier breakaway.",
   "group" : "Support",
   "id" : "supportCutout",
   "name" : "Support Cutout",
   "type" : "Scalar"
}


obj/src/widgets/schema_widget.cpp:60: error
SchemaWidget::WidgetType typeFromJson(const Json::Value &)
Mon May  7 12:48:49 2018
KeyError: member widget not found: {
   "categories" : [ "supportsAndBridging" ],
   "debug_value" : 0.0,
   "description" : "Extra x/y amount to clear support around model floors when support cutouts are used.",
   "group" : "Support",
   "id" : "supportCutoutExtraDistance",
   "name" : "Support Cutout Extra Distance",
   "type" : "Scalar"
}


obj/src/util/slicelib.cpp:205: info
void SliceLibProcess::Private::start()
Mon May  7 12:48:49 2018
calling sliceconfig:
get_profile
-d (machine id):
replicator2x
-r (user print settings):
{
   "extruders" : [ 1 ],
   "quality" : 2
}



obj/src/util/slicelib.cpp:205: info
void SliceLibProcess::Private::start()
Mon May  7 12:48:49 2018
calling sliceconfig:
get_profile
-d (machine id):
replicator2x
-r (user print settings):
{
   "extruders" : [ 1 ],
   "quality" : 2
}



obj/src/util/slicelib.cpp:250: error
void SliceLibProcess::Private::errorReceived()
Mon May  7 12:48:50 2018
WARNING:root: unable to find extruder id for 'mk12' in supported extruders list. attempting to set extruder to default ('Mk8').


obj/src/util/slicelib.cpp:250: error
void SliceLibProcess::Private::errorReceived()
Mon May  7 12:48:50 2018
WARNING:root: unable to find extruder id for 'mk12' in supported extruders list. attempting to set extruder to default ('Mk8').


obj/src/util/slicelib.cpp:205: info
void SliceLibProcess::Private::start()
Mon May  7 12:55:44 2018
calling sliceconfig:
get_profile
-d (machine id):
replicator2x
-r (user print settings):
{
   "extruders" : [ 0 ],
   "quality" : 2
}



obj/src/util/slicelib.cpp:205: info
void SliceLibProcess::Private::start()
Mon May  7 12:55:44 2018
calling sliceconfig:
get_profile
-d (machine id):
replicator2x
-r (user print settings):
{
   "_materials" : [ "abs", "pla" ],
   "attached_extruders" : [ "mk12", "mk12" ],
   "extruders" : [ 0 ],
   "overrides" : {
      "doRaft" : false,
      "infillDensity" : 0.2000000094994903,
      "layerHeight" : 0.30
   },
   "quality" : 2
}



obj/src/util/log.cpp:41: error
void logQtMessage(const QtMsgType, const QMessageLogContext &, const QString &)
Mon May  7 12:55:44 2018
QtWarningMsg: QObject::connect: No such signal ProfileListView::currentIndexChanged(int) in obj/src/widgets/profile_listview.cpp:30(?:0, ?)

obj/src/widgets/schema_widget.cpp:60: error
SchemaWidget::WidgetType typeFromJson(const Json::Value &)
Mon May  7 12:55:44 2018
KeyError: member widget not found: {
   "categories" : [ "supportsAndBridging" ],
   "debug_value" : 0.0,
   "description" : "Stop support slightly before model floors to allow for easier breakaway.",
   "group" : "Support",
   "id" : "supportCutout",
   "name" : "Support Cutout",
   "type" : "Scalar"
}


obj/src/widgets/schema_widget.cpp:60: error
SchemaWidget::WidgetType typeFromJson(const Json::Value &)
Mon May  7 12:55:44 2018
KeyError: member widget not found: {
   "categories" : [ "supportsAndBridging" ],
   "debug_value" : 0.0,
   "description" : "Extra x/y amount to clear support around model floors when support cutouts are used.",
   "group" : "Support",
   "id" : "supportCutoutExtraDistance",
   "name" : "Support Cutout Extra Distance",
   "type" : "Scalar"
}


obj/src/util/slicelib.cpp:205: info
void SliceLibProcess::Private::start()
Mon May  7 12:55:44 2018
calling sliceconfig:
get_profile
-d (machine id):
replicator2x
-r (user print settings):
{
   "extruders" : [ 0 ],
   "quality" : 2
}



obj/src/util/slicelib.cpp:205: info
void SliceLibProcess::Private::start()
Mon May  7 12:55:44 2018
calling sliceconfig:
get_profile
-d (machine id):
replicator2x
-r (user print settings):
{
   "extruders" : [ 0 ],
   "quality" : 2
}



obj/src/util/slicelib.cpp:250: error
void SliceLibProcess::Private::errorReceived()
Mon May  7 12:55:45 2018
WARNING:root: unable to find extruder id for 'mk12' in supported extruders list. attempting to set extruder to default ('Mk8').
WARNING:root: unable to find extruder id for 'mk12' in supported extruders list. attempting to set extruder to default ('Mk8').


obj/src/print_export/print_export_common.cpp:41: info
void writeThing(LibThing::Thing &, const QString &, const LibThing::FileFormat *)
Mon May  7 12:56:02 2018
Save /tmp/conveyor-ui-{d149957d-b6c9-499b-8ec9-c257312eee91}/doorbush_mesh_reduced.thing with format Thing

obj/src/util/slicelib.cpp:181: info
QProcess *slice(const QString &, const QString &, const QString &, const conveyor::Printer::Type &, const conveyor::PrintSettings &, const Json::Value &, const Json::Value &)
Mon May  7 12:56:03 2018
calling sliceconfig:
slice
-i (input file):
/tmp/conveyor-ui-{d149957d-b6c9-499b-8ec9-c257312eee91}/doorbush_mesh_reduced.thing
-o (output file):
/tmp/makerbot-zDyhKd/doorbush_mesh_reduced.gcode
-d (printer id):
replicator2x
-j (output progress)
-r (user print settings):
{
   "_materials" : [ "abs", "pla" ],
   "attached_extruders" : [ "mk12", "mk12" ],
   "extruders" : [ 0 ],
   "overrides" : {
      "infillDensity" : 0.3500000166241080,
      "layerHeight" : 0.250,
      "numberOfShells" : 3
   },
   "quality" : 2
}



obj/src/model/slice_flow.cpp:272: error
void SliceFlow::Private::errorReceived()
Mon May  7 12:56:03 2018
WARNING:root: unable to find extruder id for 'mk12' in supported extruders list. attempting to set extruder to default ('Mk8').


obj/src/model/slice_flow.cpp:272: error
void SliceFlow::Private::errorReceived()
Mon May  7 12:56:03 2018
WARNING:root: unable to find extruder id for 'mk12' in supported extruders list. attempting to set extruder to default ('Mk8').


obj/src/model/slice_flow.cpp:272: error
void SliceFlow::Private::errorReceived()
Mon May  7 12:56:04 2018
WARNING:root: 4th gen profile: {
 "_attached_extruders": [
  "Mk8",
  "Mk8"
 ],
 "_bot": "replicator2x",
 "_extruders": [
  0
 ],
 "_materials": [
  "abs",
  "pla"
 ],
 "adjacentFillLeakyConnections": false,
 "adjacentFillLeakyDistanceRatio": 0,
 "anchorExtrusionAmount": 5.0,
 "anchorExtrusionSpeed": 2.0,
 "anchorWidth": 2.0,
 "backlashEpsilon": 0.05,
 "backlashFeedback": 0.9,
 "backlashX": 0.0,
 "backlashY": 0.09,
 "bedZOffset": 0.0,
 "bridgeAnchorMinimumLength": 0.8,
 "bridgeAnchorWidth": 0.8,
 "bridgeMaximumLength": 80.0,
 "bridgeSpacingMultiplier": 1.0,
 "coarseness": 0.0001,
 "commentClose": "",
 "commentOpen": ";",
 "computeVolumeLike2_1_0": false,
 "defaultExtruder": 0,
 "defaultRaftMaterial": 0,
 "defaultSupportMaterial": 0,
 "description": "",
 "doAnchor": true,
 "doBacklashCompensation": false,
 "doBreakawaySupport": false,
 "doBridging": true,
 "doDynamicSpeed": false,
 "doDynamicSpeedGradually": true,
 "doDynamicSpeedInteriorShells": false,
 "doDynamicSpeedOutermostShell": true,
 "doExponentialDeceleration": false,
 "doExternalSpurs": true,
 "doFixedLayerStart": false,
 "doFixedShellStart": true,
 "doInfills": true,
 "doInsets": true,
 "doInternalSpurs": false,
 "doMixedRaft": false,
 "doMixedSupport": false,
 "doOutlines": true,
 "doPrintLayerMessages": false,
 "doPrintProgress": true,
 "doPurgeWall": false,
 "doRaft": true,
 "doSplitLongMoves": true,
 "doSupport": false,
 "doSupportUnderBridges": false,
 "endGcode": "",
 "exponentialDecelerationMinSpeed": 0.0,
 "extruderProfiles": [
  {
   "bridgesExtrusionProfile": "bridges",
   "feedDiameter": 1.77,
   "feedstockMultiplier": 0.93,
   "firstLayerExtrusionProfile": "firstLayer",
   "firstLayerRaftExtrusionProfile": "firstLayerRaft",
   "floorSurfaceFillsExtrusionProfile": "floorSurfaceFills",
   "infillsExtrusionProfile": "infill",
   "insetsExtrusionProfile": "insets",
   "layerHeight": 0.2,
   "maxSparseFillThickness": 0.25,
   "nozzleDiameter": 0.4,
   "outlinesExtrusionProfile": "outlines",
   "raftBaseExtrusionProfile": "raftBase",
   "raftExtrusionProfile": "raft",
   "restartExtraDistance": 0.0,
   "restartExtraDistance2": 0,
   "restartExtraRate": 25.0,
   "restartExtraRate2": -1,
   "restartRate": 25,
   "restartRate2": 25,
   "retractDistance": 1.3,
   "retractDistance2": 0,
   "retractRate": 25,
   "retractRate2": 50,
   "roofSurfaceFillsExtrusionProfile": "roofSurfaceFills",
   "sparseRoofSurfaceFillsExtrusionProfile": "sparseRoofSurfaceFills",
   "toolchangeRestartDistance": 18.5,
   "toolchangeRestartRate": 6.0,
   "toolchangeRetractDistance": 19.0,
   "toolchangeRetractRate": 6.0
  },
  {
   "bridgesExtrusionProfile": "bridges",
   "feedDiameter": 1.77,
   "feedstockMultiplier": 0.93,
   "firstLayerExtrusionProfile": "firstLayer",
   "firstLayerRaftExtrusionProfile": "firstLayerRaft",
   "floorSurfaceFillsExtrusionProfile": "floorSurfaceFills",
   "infillsExtrusionProfile": "infill",
   "insetsExtrusionProfile": "insets",
   "layerHeight": 0.2,
   "maxSparseFillThickness": 0.25,
   "nozzleDiameter": 0.4,
   "outlinesExtrusionProfile": "outlines",
   "raftBaseExtrusionProfile": "raftBase",
   "raftExtrusionProfile": "raft",
   "restartExtraDistance": 0.0,
   "restartExtraDistance2": 0,
   "restartExtraRate": 25.0,
   "restartExtraRate2": -1,
   "restartRate": 25,
   "restartRate2": 25,
   "retractDistance": 1.3,
   "retractDistance2": 0,
   "retractRate": 25,
   "retractRate2": 50,
   "roofSurfaceFillsExtrusionProfile": "roofSurfaceFills",
   "sparseRoofSurfaceFillsExtrusionProfile": "sparseRoofSurfaceFills",
   "toolchangeRestartDistance": 18.5,
   "toolchangeRestartRate": 6.0,
   "toolchangeRetractDistance": 19.0,
   "toolchangeRetractRate": 6.0
  }
 ],
 "extruderTemp0": 230,
 "extruderTemp1": 230,
 "extrusionProfiles": {
  "bridges": {
   "fanSpeed": 0.5,
   "feedrate": 40.0
  },
  "firstLayer": {
   "fanSpeed": 0.5,
   "feedrate": 30
  },
  "firstLayerRaft": {
   "fanSpeed": 0.5,
   "feedrate": 50
  },
  "floorSurfaceFills": {
   "fanSpeed": 0.5,
   "feedrate": 90
  },
  "infill": {
   "fanSpeed": 0.5,
   "feedrate": 90
  },
  "insets": {
   "fanSpeed": 0.5,
   "feedrate": 90
  },
  "outlines": {
   "fanSpeed": 0.5,
   "feedrate": 40
  },
  "raft": {
   "fanSpeed": 0.5,
   "feedrate": 90.0
  },
  "raftBase": {
   "fanSpeed": 0.5,
   "feedrate": 10.0
  },
  "roofSurfaceFills": {
   "fanSpeed": 0.5,
   "feedrate": 90
  },
  "sparseRoofSurfaceFills": {
   "fanSpeed": 0.5,
   "feedrate": 90
  }
 },
 "fixedLayerStartX": 0,
 "fixedLayerStartY": 0,
 "fixedShellStartDirection": 215,
 "floorSolidThickness": 0,
 "floorSurfaceThickness": 0,
 "floorThickness": 0.8,
 "gridSpacingMultiplier": 0.99,
 "infillDensity": 0.350000016624108,
 "infillOrientationInterval": 90,
 "infillOrientationOffset": 0,
 "infillOrientationRange": 90,
 "infillShellSpacingMultiplier": 0.7,
 "insetDistanceMultiplier": 1.0,
 "jsonToolpathOutput": false,
 "layerHeight": 0.25,
 "leakyConnectionsAdjacentDistance": 0.0,
 "maxConnectionLength": 10.0,
 "maxSparseFillThickness": 0.25,
 "maxSpurWidth": 0.5,
 "minLayerDuration": 5.0,
 "minLayerHeight": 0.01,
 "minRaftBaseGap": 0,
 "minSpeedMultiplier": 0.3,
 "minSpurLength": 0.34,
 "minSpurWidth": 0.12,
 "minThickInfillImprovement": 1.0,
 "modelFillProfiles": {},
 "numberOfShells": 3,
 "platformTemp": 110,
 "purgeBucketSide": 4.0,
 "purgeWallBaseFilamentWidth": 2.0,
 "purgeWallBasePatternLength": 10.0,
 "purgeWallBasePatternWidth": 8.0,
 "purgeWallModelOffset": 2.0,
 "purgeWallPatternWidth": 2.0,
 "purgeWallSpacing": 1.0,
 "purgeWallWidth": 0.5,
 "purgeWallXLength": 30,
 "raftAligned": true,
 "raftBaseAngle": 0,
 "raftBaseDensity": 0.7,
 "raftBaseLayers": 1,
 "raftBaseRunGapRatio": 0.8,
 "raftBaseRunLength": 15.0,
 "raftBaseThickness": 0.3,
 "raftBaseWidth": 2.5,
 "raftExtraOffset": 0.0,
 "raftFillProfiles": {},
 "raftInterfaceAngle": 45,
 "raftInterfaceDensity": 0.3,
 "raftInterfaceLayers": 1,
 "raftInterfaceThickness": 0.27,
 "raftInterfaceWidth": 0.4,
 "raftModelSpacing": 0.3,
 "raftOutset": 4,
 "raftSurfaceAngle": 0,
 "raftSurfaceLayers": 2,
 "raftSurfaceShellSpacingMultiplier": 0.7,
 "raftSurfaceShells": 2,
 "raftSurfaceThickness": 0.27,
 "roofAnchorMargin": 0.4,
 "roofSolidThickness": 0,
 "roofSurfaceThickness": 0,
 "roofThickness": 0.8,
 "shellsLeakyConnections": false,
 "solidFillOrientationInterval": 90,
 "solidFillOrientationOffset": -45,
 "solidFillOrientationRange": 90,
 "sparseInfillPattern": "hexagonal",
 "splitMinimumDistance": 0.4,
 "spurOverlap": 0.001,
 "startGcode": "",
 "startPosition": {
  "x": -112,
  "y": -73.0,
  "z": 0
 },
 "supportAligned": true,
 "supportAngle": 68.0,
 "supportDensity": 0.2,
 "supportExcessive": false,
 "supportExtraDistance": 0.5,
 "supportFillProfiles": {},
 "supportLayerHeight": 0.25,
 "supportLeakyConnections": true,
 "supportModelSpacing": 0.4,
 "supportRoofModelSpacing": 0.4,
 "thickLayerThreshold": 0,
 "thickLayerVolumeMultiplier": 1,
 "travelSpeedXY": 150,
 "travelSpeedZ": 23,
 "version": "3.9.4"
}


obj/src/gl_util.cpp:53: info
void MakerBot::logQGLFormat(const QGLFormat &)
Mon May  7 12:56:23 2018
QGLFormat: accum=0, accumBufferSize=-1, alpha=0, alphaBufferSize=-1, blueBufferSize=8, depth=1, depthBufferSize=24, directRendering=1, doubleBuffer=1, greenBufferSize=8, hasOverlay=0, majorVersion=2, minorVersion=1, openGLVersionFlags=127, plane=0, profile=0, redBufferSize=8, rgba=1, sampleBuffers=0, samples=-1, stencil=1, stencilBufferSize=8, stereo=0, swapInterval=1

obj/src/gl_widget.cpp:66: info
MakerBot::GLWidget::Private::Private(MakerBot::GLWidget &, const QGLWidget &, const Ground::PlatformShape, const Ground::DrawFlags)
Mon May  7 12:56:23 2018
QGLWidget: isValid=1, isSharing=1

obj/src/thingiverse/upload_slice_file_flow.cpp:96: error
void Thingiverse::UploadSliceFileFlow::Private::start(std::shared_ptr<SliceFlow>)
Mon May  7 12:56:24 2018
Failed to extract UUID from metadata.

obj/src/gl_widget.cpp:278: info
virtual void MakerBot::GLWidget::paintEvent(QPaintEvent *)
Mon May  7 12:56:24 2018
Begin first GLWidget::paintEvent

obj/src/gl_widget.cpp:287: info
virtual void MakerBot::GLWidget::paintEvent(QPaintEvent *)
Mon May  7 12:56:24 2018
End first GLWidget::paintEvent

obj/src/model/slice_flow.cpp:121: error
void SliceFlow::Private::cancel()
Mon May  7 12:56:29 2018
cancel called without an in-progress slice

obj/src/util/slicelib.cpp:205: info
void SliceLibProcess::Private::start()
Mon May  7 12:56:31 2018
calling sliceconfig:
get_profile
-d (machine id):
replicator2x
-r (user print settings):
{
   "extruders" : [ 0 ],
   "quality" : 2
}



obj/src/util/slicelib.cpp:205: info
void SliceLibProcess::Private::start()
Mon May  7 12:56:32 2018
calling sliceconfig:
get_profile
-d (machine id):
replicator2x
-r (user print settings):
{
   "_materials" : [ "abs", "pla" ],
   "attached_extruders" : [ "mk12", "mk12" ],
   "extruders" : [ 0 ],
   "overrides" : {
      "infillDensity" : 0.3500000166241080,
      "layerHeight" : 0.250,
      "numberOfShells" : 3
   },
   "quality" : 2
}



obj/src/util/log.cpp:41: error
void logQtMessage(const QtMsgType, const QMessageLogContext &, const QString &)
Mon May  7 12:56:32 2018
QtWarningMsg: QObject::connect: No such signal ProfileListView::currentIndexChanged(int) in obj/src/widgets/profile_listview.cpp:30(?:0, ?)

obj/src/widgets/schema_widget.cpp:60: error
SchemaWidget::WidgetType typeFromJson(const Json::Value &)
Mon May  7 12:56:32 2018
KeyError: member widget not found: {
   "categories" : [ "supportsAndBridging" ],
   "debug_value" : 0.0,
   "description" : "Stop support slightly before model floors to allow for easier breakaway.",
   "group" : "Support",
   "id" : "supportCutout",
   "name" : "Support Cutout",
   "type" : "Scalar"
}


obj/src/widgets/schema_widget.cpp:60: error
SchemaWidget::WidgetType typeFromJson(const Json::Value &)
Mon May  7 12:56:32 2018
KeyError: member widget not found: {
   "categories" : [ "supportsAndBridging" ],
   "debug_value" : 0.0,
   "description" : "Extra x/y amount to clear support around model floors when support cutouts are used.",
   "group" : "Support",
   "id" : "supportCutoutExtraDistance",
   "name" : "Support Cutout Extra Distance",
   "type" : "Scalar"
}


obj/src/util/slicelib.cpp:205: info
void SliceLibProcess::Private::start()
Mon May  7 12:56:32 2018
calling sliceconfig:
get_profile
-d (machine id):
replicator2x
-r (user print settings):
{
   "extruders" : [ 0 ],
   "quality" : 2
}



obj/src/util/slicelib.cpp:205: info
void SliceLibProcess::Private::start()
Mon May  7 12:56:32 2018
calling sliceconfig:
get_profile
-d (machine id):
replicator2x
-r (user print settings):
{
   "extruders" : [ 0 ],
   "quality" : 2
}



obj/src/util/slicelib.cpp:250: error
void SliceLibProcess::Private::errorReceived()
Mon May  7 12:56:33 2018
WARNING:root: unable to find extruder id for 'mk12' in supported extruders list. attempting to set extruder to default ('Mk8').


obj/src/util/slicelib.cpp:250: error
void SliceLibProcess::Private::errorReceived()
Mon May  7 12:56:33 2018
WARNING:root: unable to find extruder id for 'mk12' in supported extruders list. attempting to set extruder to default ('Mk8').


obj/src/print_export/print_export_common.cpp:41: info
void writeThing(LibThing::Thing &, const QString &, const LibThing::FileFormat *)
Mon May  7 12:56:37 2018
Save /tmp/conveyor-ui-{e40402cd-3631-4f13-981f-834c38578e1a}/doorbush_mesh_reduced.thing with format Thing

obj/src/util/slicelib.cpp:181: info
QProcess *slice(const QString &, const QString &, const QString &, const conveyor::Printer::Type &, const conveyor::PrintSettings &, const Json::Value &, const Json::Value &)
Mon May  7 12:56:38 2018
calling sliceconfig:
slice
-i (input file):
/tmp/conveyor-ui-{e40402cd-3631-4f13-981f-834c38578e1a}/doorbush_mesh_reduced.thing
-o (output file):
/tmp/makerbot-BqdAhC/doorbush_mesh_reduced.gcode
-d (printer id):
replicator2x
-j (output progress)
-r (user print settings):
{
   "_materials" : [ "abs", "pla" ],
   "attached_extruders" : [ "mk12", "mk12" ],
   "extruders" : [ 0 ],
   "overrides" : {
      "infillDensity" : 0.3500000166241080,
      "layerHeight" : 0.250,
      "numberOfShells" : 3
   },
   "quality" : 2
}



obj/src/model/slice_flow.cpp:272: error
void SliceFlow::Private::errorReceived()
Mon May  7 12:56:39 2018
WARNING:root: unable to find extruder id for 'mk12' in supported extruders list. attempting to set extruder to default ('Mk8').


obj/src/model/slice_flow.cpp:272: error
void SliceFlow::Private::errorReceived()
Mon May  7 12:56:39 2018
WARNING:root: unable to find extruder id for 'mk12' in supported extruders list. attempting to set extruder to default ('Mk8').


obj/src/model/slice_flow.cpp:272: error
void SliceFlow::Private::errorReceived()
Mon May  7 12:56:39 2018
WARNING:root: 4th gen profile: {
 "_attached_extruders": [
  "Mk8",
  "Mk8"
 ],
 "_bot": "replicator2x",
 "_extruders": [
  0
 ],
 "_materials": [
  "abs",
  "pla"
 ],
 "adjacentFillLeakyConnections": false,
 "adjacentFillLeakyDistanceRatio": 0,
 "anchorExtrusionAmount": 5.0,
 "anchorExtrusionSpeed": 2.0,
 "anchorWidth": 2.0,
 "backlashEpsilon": 0.05,
 "backlashFeedback": 0.9,
 "backlashX": 0.0,
 "backlashY": 0.09,
 "bedZOffset": 0.0,
 "bridgeAnchorMinimumLength": 0.8,
 "bridgeAnchorWidth": 0.8,
 "bridgeMaximumLength": 80.0,
 "bridgeSpacingMultiplier": 1.0,
 "coarseness": 0.0001,
 "commentClose": "",
 "commentOpen": ";",
 "computeVolumeLike2_1_0": false,
 "defaultExtruder": 0,
 "defaultRaftMaterial": 0,
 "defaultSupportMaterial": 0,
 "description": "",
 "doAnchor": true,
 "doBacklashCompensation": false,
 "doBreakawaySupport": false,
 "doBridging": true,
 "doDynamicSpeed": false,
 "doDynamicSpeedGradually": true,
 "doDynamicSpeedInteriorShells": false,
 "doDynamicSpeedOutermostShell": true,
 "doExponentialDeceleration": false,
 "doExternalSpurs": true,
 "doFixedLayerStart": false,
 "doFixedShellStart": true,
 "doInfills": true,
 "doInsets": true,
 "doInternalSpurs": false,
 "doMixedRaft": false,
 "doMixedSupport": false,
 "doOutlines": true,
 "doPrintLayerMessages": false,
 "doPrintProgress": true,
 "doPurgeWall": false,
 "doRaft": true,
 "doSplitLongMoves": true,
 "doSupport": false,
 "doSupportUnderBridges": false,
 "endGcode": "",
 "exponentialDecelerationMinSpeed": 0.0,
 "extruderProfiles": [
  {
   "bridgesExtrusionProfile": "bridges",
   "feedDiameter": 1.77,
   "feedstockMultiplier": 0.93,
   "firstLayerExtrusionProfile": "firstLayer",
   "firstLayerRaftExtrusionProfile": "firstLayerRaft",
   "floorSurfaceFillsExtrusionProfile": "floorSurfaceFills",
   "infillsExtrusionProfile": "infill",
   "insetsExtrusionProfile": "insets",
   "layerHeight": 0.2,
   "maxSparseFillThickness": 0.25,
   "nozzleDiameter": 0.4,
   "outlinesExtrusionProfile": "outlines",
   "raftBaseExtrusionProfile": "raftBase",
   "raftExtrusionProfile": "raft",
   "restartExtraDistance": 0.0,
   "restartExtraDistance2": 0,
   "restartExtraRate": 25.0,
   "restartExtraRate2": -1,
   "restartRate": 25,
   "restartRate2": 25,
   "retractDistance": 1.3,
   "retractDistance2": 0,
   "retractRate": 25,
   "retractRate2": 50,
   "roofSurfaceFillsExtrusionProfile": "roofSurfaceFills",
   "sparseRoofSurfaceFillsExtrusionProfile": "sparseRoofSurfaceFills",
   "toolchangeRestartDistance": 18.5,
   "toolchangeRestartRate": 6.0,
   "toolchangeRetractDistance": 19.0,
   "toolchangeRetractRate": 6.0
  },
  {
   "bridgesExtrusionProfile": "bridges",
   "feedDiameter": 1.77,
   "feedstockMultiplier": 0.93,
   "firstLayerExtrusionProfile": "firstLayer",
   "firstLayerRaftExtrusionProfile": "firstLayerRaft",
   "floorSurfaceFillsExtrusionProfile": "floorSurfaceFills",
   "infillsExtrusionProfile": "infill",
   "insetsExtrusionProfile": "insets",
   "layerHeight": 0.2,
   "maxSparseFillThickness": 0.25,
   "nozzleDiameter": 0.4,
   "outlinesExtrusionProfile": "outlines",
   "raftBaseExtrusionProfile": "raftBase",
   "raftExtrusionProfile": "raft",
   "restartExtraDistance": 0.0,
   "restartExtraDistance2": 0,
   "restartExtraRate": 25.0,
   "restartExtraRate2": -1,
   "restartRate": 25,
   "restartRate2": 25,
   "retractDistance": 1.3,
   "retractDistance2": 0,
   "retractRate": 25,
   "retractRate2": 50,
   "roofSurfaceFillsExtrusionProfile": "roofSurfaceFills",
   "sparseRoofSurfaceFillsExtrusionProfile": "sparseRoofSurfaceFills",
   "toolchangeRestartDistance": 18.5,
   "toolchangeRestartRate": 6.0,
   "toolchangeRetractDistance": 19.0,
   "toolchangeRetractRate": 6.0
  }
 ],
 "extruderTemp0": 230,
 "extruderTemp1": 230,
 "extrusionProfiles": {
  "bridges": {
   "fanSpeed": 0.5,
   "feedrate": 40.0
  },
  "firstLayer": {
   "fanSpeed": 0.5,
   "feedrate": 30
  },
  "firstLayerRaft": {
   "fanSpeed": 0.5,
   "feedrate": 50
  },
  "floorSurfaceFills": {
   "fanSpeed": 0.5,
   "feedrate": 90
  },
  "infill": {
   "fanSpeed": 0.5,
   "feedrate": 90
  },
  "insets": {
   "fanSpeed": 0.5,
   "feedrate": 90
  },
  "outlines": {
   "fanSpeed": 0.5,
   "feedrate": 40
  },
  "raft": {
   "fanSpeed": 0.5,
   "feedrate": 90.0
  },
  "raftBase": {
   "fanSpeed": 0.5,
   "feedrate": 10.0
  },
  "roofSurfaceFills": {
   "fanSpeed": 0.5,
   "feedrate": 90
  },
  "sparseRoofSurfaceFills": {
   "fanSpeed": 0.5,
   "feedrate": 90
  }
 },
 "fixedLayerStartX": 0,
 "fixedLayerStartY": 0,
 "fixedShellStartDirection": 215,
 "floorSolidThickness": 0,
 "floorSurfaceThickness": 0,
 "floorThickness": 0.8,
 "gridSpacingMultiplier": 0.99,
 "infillDensity": 0.350000016624108,
 "infillOrientationInterval": 90,
 "infillOrientationOffset": 0,
 "infillOrientationRange": 90,
 "infillShellSpacingMultiplier": 0.7,
 "insetDistanceMultiplier": 1.0,
 "jsonToolpathOutput": false,
 "layerHeight": 0.25,
 "leakyConnectionsAdjacentDistance": 0.0,
 "maxConnectionLength": 10.0,
 "maxSparseFillThickness": 0.25,
 "maxSpurWidth": 0.5,
 "minLayerDuration": 5.0,
 "minLayerHeight": 0.01,
 "minRaftBaseGap": 0,
 "minSpeedMultiplier": 0.3,
 "minSpurLength": 0.34,
 "minSpurWidth": 0.12,
 "minThickInfillImprovement": 1.0,
 "modelFillProfiles": {},
 "numberOfShells": 3,
 "platformTemp": 110,
 "purgeBucketSide": 4.0,
 "purgeWallBaseFilamentWidth": 2.0,
 "purgeWallBasePatternLength": 10.0,
 "purgeWallBasePatternWidth": 8.0,
 "purgeWallModelOffset": 2.0,
 "purgeWallPatternWidth": 2.0,
 "purgeWallSpacing": 1.0,
 "purgeWallWidth": 0.5,
 "purgeWallXLength": 30,
 "raftAligned": true,
 "raftBaseAngle": 0,
 "raftBaseDensity": 0.7,
 "raftBaseLayers": 1,
 "raftBaseRunGapRatio": 0.8,
 "raftBaseRunLength": 15.0,
 "raftBaseThickness": 0.3,
 "raftBaseWidth": 2.5,
 "raftExtraOffset": 0.0,
 "raftFillProfiles": {},
 "raftInterfaceAngle": 45,
 "raftInterfaceDensity": 0.3,
 "raftInterfaceLayers": 1,
 "raftInterfaceThickness": 0.27,
 "raftInterfaceWidth": 0.4,
 "raftModelSpacing": 0.3,
 "raftOutset": 4,
 "raftSurfaceAngle": 0,
 "raftSurfaceLayers": 2,
 "raftSurfaceShellSpacingMultiplier": 0.7,
 "raftSurfaceShells": 2,
 "raftSurfaceThickness": 0.27,
 "roofAnchorMargin": 0.4,
 "roofSolidThickness": 0,
 "roofSurfaceThickness": 0,
 "roofThickness": 0.8,
 "shellsLeakyConnections": false,
 "solidFillOrientationInterval": 90,
 "solidFillOrientationOffset": -45,
 "solidFillOrientationRange": 90,
 "sparseInfillPattern": "hexagonal",
 "splitMinimumDistance": 0.4,
 "spurOverlap": 0.001,
 "startGcode": "",
 "startPosition": {
  "x": -112,
  "y": -73.0,
  "z": 0
 },
 "supportAligned": true,
 "supportAngle": 68.0,
 "supportDensity": 0.2,
 "supportExcessive": false,
 "supportExtraDistance": 0.5,
 "supportFillProfiles": {},
 "supportLayerHeight": 0.25,
 "supportLeakyConnections": true,
 "supportModelSpacing": 0.4,
 "supportRoofModelSpacing": 0.4,
 "thickLayerThreshold": 0,
 "thickLayerVolumeMultiplier": 1,
 "travelSpeedXY": 150,
 "travelSpeedZ": 23,
 "version": "3.9.4"
}


obj/src/gl_util.cpp:53: info
void MakerBot::logQGLFormat(const QGLFormat &)
Mon May  7 12:56:58 2018
QGLFormat: accum=0, accumBufferSize=-1, alpha=0, alphaBufferSize=-1, blueBufferSize=8, depth=1, depthBufferSize=24, directRendering=1, doubleBuffer=1, greenBufferSize=8, hasOverlay=0, majorVersion=2, minorVersion=1, openGLVersionFlags=127, plane=0, profile=0, redBufferSize=8, rgba=1, sampleBuffers=0, samples=-1, stencil=1, stencilBufferSize=8, stereo=0, swapInterval=1

obj/src/gl_widget.cpp:66: info
MakerBot::GLWidget::Private::Private(MakerBot::GLWidget &, const QGLWidget &, const Ground::PlatformShape, const Ground::DrawFlags)
Mon May  7 12:56:58 2018
QGLWidget: isValid=1, isSharing=1

obj/src/thingiverse/upload_slice_file_flow.cpp:96: error
void Thingiverse::UploadSliceFileFlow::Private::start(std::shared_ptr<SliceFlow>)
Mon May  7 12:56:59 2018
Failed to extract UUID from metadata.

obj/src/gl_widget.cpp:278: info
virtual void MakerBot::GLWidget::paintEvent(QPaintEvent *)
Mon May  7 12:56:59 2018
Begin first GLWidget::paintEvent

obj/src/gl_widget.cpp:287: info
virtual void MakerBot::GLWidget::paintEvent(QPaintEvent *)
Mon May  7 12:56:59 2018
End first GLWidget::paintEvent

obj/src/util/file_chooser.cpp:59: info
FileChooserResult chooseSavePath(QWidget *, const QString &, const QString &, const FileFilterList &, FileChooserValidator *const)
Mon May  7 12:57:05 2018
Preparing to show save dialog title=Export, initialDefaultPath=/Volumes/NO NAME/doorbush_mesh_reduced, validator=1

obj/src/util/file_chooser.cpp:69: info
FileChooserResult chooseSavePath(QWidget *, const QString &, const QString &, const FileFilterList &, FileChooserValidator *const)
Mon May  7 12:57:05 2018
Running QFileDialog::getSaveFileName()

obj/src/util/file_chooser.cpp:84: info
FileChooserResult chooseSavePath(QWidget *, const QString &, const QString &, const FileFilterList &, FileChooserValidator *const)
Mon May  7 12:57:11 2018
getSaveFileName: /Volumes/NO NAME/DOOR-BUSHINGS-2.x3g

obj/src/util/log.cpp:41: error
void logQtMessage(const QtMsgType, const QMessageLogContext &, const QString &)
Mon May  7 12:57:11 2018
QtWarningMsg: QFSFileEngine::open: No file name specified(?:0, ?)

obj/src/thingiverse/upload_slice_file_flow.cpp:84: error
void Thingiverse::UploadSliceFileFlow::Private::start(std::shared_ptr<SliceFlow>)
Mon May  7 12:57:11 2018
File does not exist: 

obj/src/thingiverse/upload_slice_file_flow.cpp:96: error
void Thingiverse::UploadSliceFileFlow::Private::start(std::shared_ptr<SliceFlow>)
Mon May  7 12:57:11 2018
Failed to extract UUID from metadata.

obj/src/util/slicelib.cpp:205: info
void SliceLibProcess::Private::start()
Mon May  7 12:57:11 2018
calling sliceconfig:
to_sx3g (convert gcode to x3g or s3g)-i (input gcode file):
/tmp/makerbot-BqdAhC/doorbush_mesh_reduced.gcode
-o (output file):
/tmp/makerbot-CqVl4N/doorbush_mesh_reduced.x3g
-d (printer id):
replicator2x


obj/src/model/slice_flow.cpp:121: error
void SliceFlow::Private::cancel()
Mon May  7 12:57:43 2018
cancel called without an in-progress slice

obj/src/view/ecosystemwindow/ecosystemwindow.cpp:1034: info
virtual void EcosystemWindow::closeEvent(QCloseEvent *)
Mon May  7 14:55:57 2018
Maybe closing window...

obj/src/view/ecosystemwindow/ecosystemwindow.cpp:1037: info
virtual void EcosystemWindow::closeEvent(QCloseEvent *)
Mon May  7 14:55:58 2018
Closing window
